<?xml version='1.0' encoding='UTF-8'?>
<hotspot_log version='160 1' process='1' time_ms='1680946986421'>
<vm_version>
<name>
OpenJDK 64-Bit Server VM
</name>
<release>
25.362-b09
</release>
<info>
OpenJDK 64-Bit Server VM (25.362-b09) for linux-amd64 JRE (1.8.0_362-b09), built on Jan 23 2023 22:00:01 by &quot;mockbuild&quot; with gcc 8.5.0 20210514 (Red Hat 8.5.0-16)
</info>
</vm_version>
<vm_arguments>
<args>
-Dinstall4j.jvmDir=/usr/lib/jvm/java-1.8.0-openjdk-1.8.0.362.b09-2.el8_7.x86_64/jre -Dexe4j.moduleName=/opt/sonatype/nexus/bin/nexus -XX:+UnlockDiagnosticVMOptions -Dinstall4j.launcherId=245 -Dinstall4j.swt=false -Di4jv=0 -Di4jv=0 -Di4jv=0 -Di4jv=0 -Di4jv=0 -Xms2703m -Xmx2703m -XX:MaxDirectMemorySize=2703m -Djava.util.prefs.userRoot=/nexus-data/javaprefs -XX:+UnlockDiagnosticVMOptions -XX:+LogVMOutput -XX:LogFile=../sonatype-work/nexus3/log/jvm.log -XX:-OmitStackTraceInFastThrow -Djava.net.preferIPv4Stack=true -Dkaraf.home=. -Dkaraf.base=. -Dkaraf.etc=etc/karaf -Djava.util.logging.config.file=etc/karaf/java.util.logging.properties -Dkaraf.data=../sonatype-work/nexus3 -Dkaraf.log=../sonatype-work/nexus3/log -Djava.io.tmpdir=../sonatype-work/nexus3/tmp -Dkaraf.startLocalConsole=false -Djdk.tls.ephemeralDHKeySize=2048 -Djava.endorsed.dirs=lib/endorsed -Di4j.vpt=true 
</args>
<command>
com.install4j.runtime.launcher.UnixLauncher run 9d17dc87 0 0 org.sonatype.nexus.karaf.NexusMain
</command>
<launcher>
SUN_STANDARD
</launcher>
<properties>
java.vm.specification.name=Java Virtual Machine Specification
java.vm.version=25.362-b09
java.vm.name=OpenJDK 64-Bit Server VM
java.vm.info=mixed mode, sharing
java.ext.dirs=/usr/lib/jvm/java-1.8.0-openjdk-1.8.0.362.b09-2.el8_7.x86_64/jre/lib/ext:/usr/java/packages/lib/ext
java.endorsed.dirs=lib/endorsed
sun.boot.library.path=/usr/lib/jvm/java-1.8.0-openjdk-1.8.0.362.b09-2.el8_7.x86_64/jre/lib/amd64
java.library.path=/opt/sonatype/nexus/lib::/usr/java/packages/lib/amd64:/usr/lib64:/lib64:/lib:/usr/lib
java.home=/usr/lib/jvm/java-1.8.0-openjdk-1.8.0.362.b09-2.el8_7.x86_64/jre
java.class.path=/opt/sonatype/nexus/.install4j/i4jruntime.jar:/opt/sonatype/nexus/lib/boot/nexus-main.jar:/opt/sonatype/nexus/lib/boot/activation-1.1.1.jar:/opt/sonatype/nexus/lib/boot/jakarta.xml.bind-api-2.3.3.jar:/opt/sonatype/nexus/lib/boot/jaxb-runtime-2.3.3.jar:/opt/sonatype/nexus/lib/boot/txw2-2.3.3.jar:/opt/sonatype/nexus/lib/boot/istack-commons-runtime-3.0.10.jar:/opt/sonatype/nexus/lib/boot/org.apache.karaf.main-4.3.6.jar:/opt/sonatype/nexus/lib/boot/osgi.core-7.0.0.jar:/opt/sonatype/nexus/lib/boot/org.apache.karaf.specs.activator-4.3.6.jar:/opt/sonatype/nexus/lib/boot/org.apache.karaf.diagnostic.boot-4.3.6.jar:/opt/sonatype/nexus/lib/boot/org.apache.karaf.jaas.boot-4.3.6.jar
sun.boot.class.path=lib/endorsed/org.apache.karaf.specs.java.xml-4.3.6.jar:lib/endorsed/org.apache.karaf.specs.locator-4.3.6.jar:/usr/lib/jvm/java-1.8.0-openjdk-1.8.0.362.b09-2.el8_7.x86_64/jre/lib/resources.jar:/usr/lib/jvm/java-1.8.0-openjdk-1.8.0.362.b09-2.el8_7.x86_64/jre/lib/rt.jar:/usr/lib/jvm/java-1.8.0-openjdk-1.8.0.362.b09-2.el8_7.x86_64/jre/lib/sunrsasign.jar:/usr/lib/jvm/java-1.8.0-openjdk-1.8.0.362.b09-2.el8_7.x86_64/jre/lib/jsse.jar:/usr/lib/jvm/java-1.8.0-openjdk-1.8.0.362.b09-2.el8_7.x86_64/jre/lib/jce.jar:/usr/lib/jvm/java-1.8.0-openjdk-1.8.0.362.b09-2.el8_7.x86_64/jre/lib/charsets.jar:/usr/lib/jvm/java-1.8.0-openjdk-1.8.0.362.b09-2.el8_7.x86_64/jre/lib/jfr.jar:/usr/lib/jvm/java-1.8.0-openjdk-1.8.0.362.b09-2.el8_7.x86_64/jre/classes
java.vm.specification.vendor=Oracle Corporation
java.vm.specification.version=1.8
java.vm.vendor=Red Hat, Inc.
install4j.jvmDir=/usr/lib/jvm/java-1.8.0-openjdk-1.8.0.362.b09-2.el8_7.x86_64/jre
exe4j.moduleName=/opt/sonatype/nexus/bin/nexus
install4j.launcherId=245
install4j.swt=false
i4jv=0
java.util.prefs.userRoot=/nexus-data/javaprefs
java.net.preferIPv4Stack=true
karaf.home=.
karaf.base=.
karaf.etc=etc/karaf
java.util.logging.config.file=etc/karaf/java.util.logging.properties
karaf.data=../sonatype-work/nexus3
karaf.log=../sonatype-work/nexus3/log
java.io.tmpdir=../sonatype-work/nexus3/tmp
karaf.startLocalConsole=false
jdk.tls.ephemeralDHKeySize=2048
i4j.vpt=true
sun.java.command=com.install4j.runtime.launcher.UnixLauncher run 9d17dc87 0 0 org.sonatype.nexus.karaf.NexusMain
sun.java.launcher=SUN_STANDARD
java.awt.headless=true
</properties>
</vm_arguments>
<tty>
<blob name='MethodHandlesAdapterBlob' size='32000'>
<sect index='1' size='32000' free='31628'/>
</blob>
<writer thread='140154115217152'/>
<dependency_failed type='leaf_type' ctxk='java/util/jar/JarFile' witness='sun/net/www/protocol/jar/URLJarFile' stamp='0.390'/>
<dependency_failed type='leaf_type' ctxk='java/util/jar/JarFile' witness='sun/net/www/protocol/jar/URLJarFile' stamp='0.390'/>
<dependency_failed type='leaf_type' ctxk='org/apache/felix/framework/wiring/BundleCapabilityImpl' witness='org/apache/felix/framework/ServiceRegistrationImpl$ServiceReferenceImpl' stamp='0.567'/>
<dependency_failed type='leaf_type' ctxk='org/apache/felix/framework/wiring/BundleCapabilityImpl' witness='org/apache/felix/framework/ServiceRegistrationImpl$ServiceReferenceImpl' stamp='0.567'/>
<dependency_failed type='leaf_type' ctxk='java/io/ByteArrayOutputStream' witness='sun/security/util/DerOutputStream' stamp='1.233'/>
<dependency_failed type='leaf_type' ctxk='java/io/ByteArrayOutputStream' witness='sun/security/util/DerOutputStream' stamp='1.233'/>
<dependency_failed type='leaf_type' ctxk='java/security/cert/Certificate' witness='java/security/cert/X509Certificate' stamp='1.242'/>
<dependency_failed type='leaf_type' ctxk='java/util/HashSet' witness='java/util/LinkedHashSet' stamp='1.341'/>
<dependency_failed type='leaf_type' ctxk='java/util/HashSet' witness='java/util/LinkedHashSet' stamp='1.341'/>
<writer thread='140153595467520'/>
<dependency_failed type='unique_concrete_method' ctxk='java/lang/Throwable' x='java/lang/Throwable fillInStackTrace ()Ljava/lang/Throwable;' witness='com/sun/org/apache/xerces/internal/impl/XMLEntityScanner$1' stamp='2.437'/>
<dependency_failed type='leaf_type' ctxk='java/util/concurrent/ThreadPoolExecutor' witness='java/util/concurrent/ScheduledThreadPoolExecutor' stamp='2.818'/>
<dependency_failed type='leaf_type' ctxk='java/util/concurrent/FutureTask' witness='java/util/concurrent/ScheduledThreadPoolExecutor$ScheduledFutureTask' stamp='2.819'/>
<dependency_failed type='leaf_type' ctxk='java/util/concurrent/FutureTask' witness='java/util/concurrent/ScheduledThreadPoolExecutor$ScheduledFutureTask' stamp='2.819'/>
<dependency_failed type='unique_concrete_method' ctxk='java/util/Properties' x='java/util/Properties getProperty (Ljava/lang/String;Ljava/lang/String;)Ljava/lang/String;' witness='org/apache/karaf/features/internal/service/FeaturesProcessingSerializer$1' stamp='3.107'/>
<dependency_failed type='leaf_type' ctxk='java/util/ArrayList' witness='com/sun/istack/FinalArrayList' stamp='3.199'/>
<dependency_failed type='leaf_type' ctxk='java/util/ArrayList' witness='com/sun/istack/FinalArrayList' stamp='3.199'/>
<dependency_failed type='leaf_type' ctxk='java/util/ArrayList' witness='com/sun/istack/FinalArrayList' stamp='3.199'/>
<dependency_failed type='leaf_type' ctxk='java/util/ArrayList' witness='com/sun/istack/FinalArrayList' stamp='3.199'/>
<dependency_failed type='leaf_type' ctxk='java/util/ArrayList' witness='com/sun/istack/FinalArrayList' stamp='3.199'/>
<dependency_failed type='leaf_type' ctxk='java/util/ArrayList' witness='com/sun/istack/FinalArrayList' stamp='3.199'/>
<dependency_failed type='leaf_type' ctxk='java/util/ArrayList' witness='com/sun/istack/FinalArrayList' stamp='3.199'/>
<dependency_failed type='leaf_type' ctxk='java/util/ArrayList' witness='com/sun/istack/FinalArrayList' stamp='3.199'/>
<dependency_failed type='leaf_type' ctxk='java/util/ArrayList' witness='com/sun/istack/FinalArrayList' stamp='3.199'/>
<dependency_failed type='leaf_type' ctxk='java/util/ArrayList' witness='com/sun/istack/FinalArrayList' stamp='3.199'/>
<dependency_failed type='leaf_type' ctxk='java/util/ArrayList' witness='com/sun/istack/FinalArrayList' stamp='3.199'/>
<dependency_failed type='leaf_type' ctxk='java/util/ArrayList' witness='com/sun/istack/FinalArrayList' stamp='3.199'/>
<dependency_failed type='leaf_type' ctxk='java/util/ArrayList' witness='com/sun/istack/FinalArrayList' stamp='3.199'/>
<dependency_failed type='leaf_type' ctxk='java/util/ArrayList' witness='com/sun/istack/FinalArrayList' stamp='3.199'/>
<dependency_failed type='leaf_type' ctxk='java/util/ArrayList' witness='com/sun/istack/FinalArrayList' stamp='3.199'/>
<dependency_failed type='leaf_type' ctxk='java/util/ArrayList' witness='com/sun/istack/FinalArrayList' stamp='3.199'/>
<dependency_failed type='leaf_type' ctxk='java/util/ArrayList' witness='com/sun/istack/FinalArrayList' stamp='3.199'/>
<dependency_failed type='leaf_type' ctxk='java/util/ArrayList' witness='com/sun/istack/FinalArrayList' stamp='3.199'/>
<dependency_failed type='leaf_type' ctxk='java/util/ArrayList' witness='com/sun/istack/FinalArrayList' stamp='3.199'/>
<dependency_failed type='leaf_type' ctxk='java/util/ArrayList' witness='com/sun/istack/FinalArrayList' stamp='3.199'/>
<dependency_failed type='leaf_type' ctxk='java/util/ArrayList' witness='com/sun/istack/FinalArrayList' stamp='3.199'/>
<dependency_failed type='leaf_type' ctxk='java/util/ArrayList' witness='com/sun/istack/FinalArrayList' stamp='3.199'/>
<dependency_failed type='leaf_type' ctxk='java/util/ArrayList' witness='com/sun/istack/FinalArrayList' stamp='3.199'/>
<dependency_failed type='leaf_type' ctxk='java/util/ArrayList' witness='com/sun/istack/FinalArrayList' stamp='3.199'/>
<dependency_failed type='leaf_type' ctxk='java/util/ArrayList' witness='com/sun/istack/FinalArrayList' stamp='3.199'/>
<dependency_failed type='leaf_type' ctxk='java/util/ArrayList' witness='com/sun/istack/FinalArrayList' stamp='3.199'/>
<dependency_failed type='leaf_type' ctxk='java/util/ArrayList' witness='com/sun/istack/FinalArrayList' stamp='3.199'/>
<dependency_failed type='leaf_type' ctxk='java/util/ArrayList' witness='com/sun/istack/FinalArrayList' stamp='3.199'/>
<dependency_failed type='leaf_type' ctxk='java/util/ArrayList' witness='com/sun/istack/FinalArrayList' stamp='3.199'/>
<dependency_failed type='leaf_type' ctxk='java/util/ArrayList' witness='com/sun/istack/FinalArrayList' stamp='3.199'/>
<dependency_failed type='leaf_type' ctxk='java/util/ArrayList' witness='com/sun/istack/FinalArrayList' stamp='3.199'/>
<dependency_failed type='leaf_type' ctxk='java/util/ArrayList' witness='com/sun/istack/FinalArrayList' stamp='3.199'/>
<dependency_failed type='leaf_type' ctxk='java/util/ArrayList' witness='com/sun/istack/FinalArrayList' stamp='3.199'/>
<dependency_failed type='leaf_type' ctxk='java/util/ArrayList' witness='com/sun/istack/FinalArrayList' stamp='3.199'/>
<dependency_failed type='leaf_type' ctxk='java/util/ArrayList' witness='com/sun/istack/FinalArrayList' stamp='3.199'/>
<dependency_failed type='leaf_type' ctxk='java/util/ArrayList' witness='com/sun/istack/FinalArrayList' stamp='3.199'/>
<dependency_failed type='leaf_type' ctxk='java/util/ArrayList' witness='com/sun/istack/FinalArrayList' stamp='3.199'/>
<dependency_failed type='leaf_type' ctxk='java/util/ArrayList' witness='com/sun/istack/FinalArrayList' stamp='3.199'/>
<dependency_failed type='leaf_type' ctxk='java/util/ArrayList' witness='com/sun/istack/FinalArrayList' stamp='3.199'/>
<dependency_failed type='leaf_type' ctxk='java/util/ArrayList' witness='com/sun/istack/FinalArrayList' stamp='3.199'/>
<dependency_failed type='leaf_type' ctxk='java/util/Date' witness='java/sql/Timestamp' stamp='3.494'/>
<dependency_failed type='leaf_type' ctxk='com/sun/org/apache/xerces/internal/util/NamespaceSupport' witness='com/sun/org/apache/xerces/internal/impl/xs/SchemaNamespaceSupport' stamp='3.613'/>
<dependency_failed type='leaf_type' ctxk='com/sun/org/apache/xerces/internal/xni/QName' witness='com/sun/org/apache/xerces/internal/impl/dv/xs/QNameDV$XQName' stamp='3.616'/>
<dependency_failed type='leaf_type' ctxk='java/util/ArrayList$Itr' witness='java/util/ArrayList$ListItr' stamp='3.635'/>
<dependency_failed type='leaf_type' ctxk='java/util/ArrayList$Itr' witness='java/util/ArrayList$ListItr' stamp='3.635'/>
<dependency_failed type='leaf_type' ctxk='java/util/ArrayList$Itr' witness='java/util/ArrayList$ListItr' stamp='3.635'/>
<dependency_failed type='leaf_type' ctxk='org/osgi/framework/ServiceEvent' witness='org/apache/felix/scr/impl/manager/ExtendedServiceEvent' stamp='5.210'/>
<dependency_failed type='leaf_type' ctxk='org/osgi/framework/ServiceEvent' witness='org/apache/felix/scr/impl/manager/ExtendedServiceEvent' stamp='5.210'/>
<dependency_failed type='unique_concrete_method' ctxk='java/lang/IllegalArgumentException' x='java/lang/Throwable getMessage ()Ljava/lang/String;' witness='java/nio/file/InvalidPathException' stamp='5.550'/>
<dependency_failed type='leaf_type' ctxk='java/util/concurrent/atomic/AtomicLong' witness='org/eclipse/jetty/util/AtomicBiInteger' stamp='5.609'/>
<dependency_failed type='leaf_type' ctxk='java/util/concurrent/atomic/AtomicLong' witness='org/eclipse/jetty/util/AtomicBiInteger' stamp='5.609'/>
<dependency_failed type='leaf_type' ctxk='java/util/concurrent/atomic/AtomicLong' witness='org/eclipse/jetty/util/AtomicBiInteger' stamp='5.609'/>
<dependency_failed type='unique_concrete_method' ctxk='java/util/HashMap' x='java/util/HashMap remove (Ljava/lang/Object;)Ljava/lang/Object;' witness='org/eclipse/jetty/http/PathMap' stamp='5.683'/>
<dependency_failed type='unique_concrete_method' ctxk='java/util/HashMap' x='java/util/HashMap put (Ljava/lang/Object;Ljava/lang/Object;)Ljava/lang/Object;' witness='org/eclipse/jetty/http/PathMap' stamp='5.683'/>
<dependency_failed type='unique_concrete_method' ctxk='java/util/HashMap' x='java/util/HashMap put (Ljava/lang/Object;Ljava/lang/Object;)Ljava/lang/Object;' witness='org/eclipse/jetty/http/PathMap' stamp='5.683'/>
<dependency_failed type='unique_concrete_method' ctxk='java/util/HashMap' x='java/util/HashMap put (Ljava/lang/Object;Ljava/lang/Object;)Ljava/lang/Object;' witness='org/eclipse/jetty/http/PathMap' stamp='5.683'/>
<dependency_failed type='unique_concrete_method' ctxk='java/util/HashMap' x='java/util/HashMap put (Ljava/lang/Object;Ljava/lang/Object;)Ljava/lang/Object;' witness='org/eclipse/jetty/http/PathMap' stamp='5.683'/>
<dependency_failed type='unique_concrete_method' ctxk='java/util/HashMap' x='java/util/HashMap put (Ljava/lang/Object;Ljava/lang/Object;)Ljava/lang/Object;' witness='org/eclipse/jetty/http/PathMap' stamp='5.683'/>
<dependency_failed type='unique_concrete_method' ctxk='java/util/HashMap' x='java/util/HashMap put (Ljava/lang/Object;Ljava/lang/Object;)Ljava/lang/Object;' witness='org/eclipse/jetty/http/PathMap' stamp='5.683'/>
<dependency_failed type='unique_concrete_method' ctxk='java/util/HashMap' x='java/util/HashMap put (Ljava/lang/Object;Ljava/lang/Object;)Ljava/lang/Object;' witness='org/eclipse/jetty/http/PathMap' stamp='5.683'/>
<dependency_failed type='unique_concrete_method' ctxk='java/util/HashMap' x='java/util/HashMap put (Ljava/lang/Object;Ljava/lang/Object;)Ljava/lang/Object;' witness='org/eclipse/jetty/http/PathMap' stamp='5.683'/>
<dependency_failed type='unique_concrete_method' ctxk='java/util/HashMap' x='java/util/HashMap put (Ljava/lang/Object;Ljava/lang/Object;)Ljava/lang/Object;' witness='org/eclipse/jetty/http/PathMap' stamp='5.683'/>
<dependency_failed type='unique_concrete_method' ctxk='java/util/HashMap' x='java/util/HashMap put (Ljava/lang/Object;Ljava/lang/Object;)Ljava/lang/Object;' witness='org/eclipse/jetty/http/PathMap' stamp='5.683'/>
<dependency_failed type='unique_concrete_method' ctxk='java/util/HashMap' x='java/util/HashMap put (Ljava/lang/Object;Ljava/lang/Object;)Ljava/lang/Object;' witness='org/eclipse/jetty/http/PathMap' stamp='5.683'/>
<dependency_failed type='unique_concrete_method' ctxk='java/util/HashMap' x='java/util/HashMap put (Ljava/lang/Object;Ljava/lang/Object;)Ljava/lang/Object;' witness='org/eclipse/jetty/http/PathMap' stamp='5.683'/>
<dependency_failed type='unique_concrete_method' ctxk='java/util/HashMap' x='java/util/HashMap put (Ljava/lang/Object;Ljava/lang/Object;)Ljava/lang/Object;' witness='org/eclipse/jetty/http/PathMap' stamp='5.683'/>
<dependency_failed type='unique_concrete_method' ctxk='java/util/HashMap' x='java/util/HashMap remove (Ljava/lang/Object;)Ljava/lang/Object;' witness='org/eclipse/jetty/http/PathMap' stamp='5.683'/>
<dependency_failed type='unique_concrete_method' ctxk='java/util/HashMap' x='java/util/HashMap put (Ljava/lang/Object;Ljava/lang/Object;)Ljava/lang/Object;' witness='org/eclipse/jetty/http/PathMap' stamp='5.683'/>
<dependency_failed type='unique_concrete_method' ctxk='java/util/ArrayList' x='java/util/ArrayList add (Ljava/lang/Object;)Z' witness='javax/management/AttributeList' stamp='5.776'/>
<dependency_failed type='unique_concrete_method' ctxk='java/util/ArrayList' x='java/util/ArrayList add (Ljava/lang/Object;)Z' witness='javax/management/AttributeList' stamp='5.776'/>
<dependency_failed type='unique_concrete_method' ctxk='java/util/ArrayList' x='java/util/ArrayList add (Ljava/lang/Object;)Z' witness='javax/management/AttributeList' stamp='5.776'/>
<dependency_failed type='unique_concrete_method' ctxk='java/util/ArrayList' x='java/util/ArrayList add (Ljava/lang/Object;)Z' witness='javax/management/AttributeList' stamp='5.776'/>
<dependency_failed type='unique_concrete_method' ctxk='java/util/ArrayList' x='java/util/ArrayList add (Ljava/lang/Object;)Z' witness='javax/management/AttributeList' stamp='5.776'/>
<dependency_failed type='unique_concrete_method' ctxk='java/util/ArrayList' x='java/util/ArrayList add (Ljava/lang/Object;)Z' witness='javax/management/AttributeList' stamp='5.776'/>
<writer thread='140153616549632'/>
<dependency_failed type='unique_concrete_method' ctxk='java/util/ArrayList' x='java/util/ArrayList add (Ljava/lang/Object;)Z' witness='javax/management/AttributeList' stamp='5.787'/>
<writer thread='140152678602496'/>
<dependency_failed type='leaf_type' ctxk='java/util/StringTokenizer' witness='org/eclipse/jetty/util/QuotedStringTokenizer' stamp='5.878'/>
<dependency_failed type='leaf_type' ctxk='java/util/StringTokenizer' witness='org/eclipse/jetty/util/QuotedStringTokenizer' stamp='5.878'/>
<dependency_failed type='leaf_type' ctxk='java/util/StringTokenizer' witness='org/eclipse/jetty/util/QuotedStringTokenizer' stamp='5.878'/>
<dependency_failed type='leaf_type' ctxk='java/util/StringTokenizer' witness='org/eclipse/jetty/util/QuotedStringTokenizer' stamp='5.878'/>
<dependency_failed type='leaf_type' ctxk='java/util/StringTokenizer' witness='org/eclipse/jetty/util/QuotedStringTokenizer' stamp='5.878'/>
<dependency_failed type='leaf_type' ctxk='java/util/StringTokenizer' witness='org/eclipse/jetty/util/QuotedStringTokenizer' stamp='5.878'/>
<dependency_failed type='leaf_type' ctxk='java/util/StringTokenizer' witness='org/eclipse/jetty/util/QuotedStringTokenizer' stamp='5.878'/>
<dependency_failed type='leaf_type' ctxk='java/nio/HeapByteBuffer' witness='java/nio/HeapByteBufferR' stamp='5.883'/>
<dependency_failed type='leaf_type' ctxk='java/nio/HeapByteBuffer' witness='java/nio/HeapByteBufferR' stamp='5.883'/>
<dependency_failed type='leaf_type' ctxk='java/nio/HeapByteBuffer' witness='java/nio/HeapByteBufferR' stamp='5.883'/>
<dependency_failed type='leaf_type' ctxk='java/nio/HeapByteBuffer' witness='java/nio/HeapByteBufferR' stamp='5.883'/>
<dependency_failed type='leaf_type' ctxk='java/nio/HeapByteBuffer' witness='java/nio/HeapByteBufferR' stamp='5.883'/>
<dependency_failed type='unique_concrete_method' ctxk='java/util/concurrent/RejectedExecutionHandler' x='java/util/concurrent/ThreadPoolExecutor$AbortPolicy rejectedExecution (Ljava/lang/Runnable;Ljava/util/concurrent/ThreadPoolExecutor;)V' witness='java/util/concurrent/RejectedExecutionHandler' stamp='6.098'/>
<dependency_failed type='leaf_type' ctxk='java/util/AbstractMap$SimpleImmutableEntry' witness='aQute/bnd/unmodifiable/ImmutableEntry' stamp='6.124'/>
<dependency_failed type='unique_concrete_method' ctxk='java/util/stream/AbstractPipeline' x='java/util/stream/AbstractPipeline opEvaluateParallel (Ljava/util/stream/PipelineHelper;Ljava/util/Spliterator;Ljava/util/function/IntFunction;)Ljava/util/stream/Node;' witness='java/util/stream/SortedOps$OfRef' stamp='6.139'/>
<dependency_failed type='unique_concrete_method' ctxk='java/util/stream/AbstractPipeline' x='java/util/stream/AbstractPipeline opEvaluateParallel (Ljava/util/stream/PipelineHelper;Ljava/util/Spliterator;Ljava/util/function/IntFunction;)Ljava/util/stream/Node;' witness='java/util/stream/SortedOps$OfRef' stamp='6.140'/>
<dependency_failed type='unique_concrete_method' ctxk='java/util/stream/AbstractPipeline' x='java/util/stream/AbstractPipeline opEvaluateParallelLazy (Ljava/util/stream/PipelineHelper;Ljava/util/Spliterator;)Ljava/util/Spliterator;' witness='java/util/stream/DistinctOps$1' stamp='6.348'/>
<dependency_failed type='abstract_with_unique_concrete_subtype' ctxk='java/nio/CharBuffer' x='java/nio/HeapCharBuffer' witness='java/nio/ByteBufferAsCharBufferL' stamp='6.549'/>
<dependency_failed type='abstract_with_unique_concrete_subtype' ctxk='java/nio/CharBuffer' x='java/nio/HeapCharBuffer' witness='java/nio/ByteBufferAsCharBufferL' stamp='6.549'/>
<dependency_failed type='abstract_with_unique_concrete_subtype' ctxk='java/nio/CharBuffer' x='java/nio/HeapCharBuffer' witness='java/nio/ByteBufferAsCharBufferL' stamp='6.549'/>
<dependency_failed type='abstract_with_unique_concrete_subtype' ctxk='java/nio/CharBuffer' x='java/nio/HeapCharBuffer' witness='java/nio/ByteBufferAsCharBufferL' stamp='6.549'/>
<dependency_failed type='leaf_type' ctxk='java/io/ObjectInputStream' witness='org/h2/util/JdbcUtils$1' stamp='11.297'/>
<dependency_failed type='unique_concrete_method' ctxk='java/util/concurrent/Future' x='java/util/concurrent/FutureTask isDone ()Z' witness='java/util/concurrent/Future' stamp='11.479'/>
<dependency_failed type='unique_concrete_method' ctxk='java/util/HashMap' x='java/util/HashMap isEmpty ()Z' witness='org/apache/commons/beanutils/WeakFastHashMap' stamp='11.547'/>
<dependency_failed type='unique_concrete_method' ctxk='java/util/HashMap' x='java/util/HashMap containsKey (Ljava/lang/Object;)Z' witness='org/apache/commons/beanutils/WeakFastHashMap' stamp='11.547'/>
<dependency_failed type='unique_concrete_method' ctxk='java/util/HashMap' x='java/util/HashMap size ()I' witness='org/apache/commons/beanutils/WeakFastHashMap' stamp='11.547'/>
<dependency_failed type='unique_concrete_method' ctxk='java/util/HashMap' x='java/util/HashMap containsKey (Ljava/lang/Object;)Z' witness='org/apache/commons/beanutils/WeakFastHashMap' stamp='11.547'/>
<dependency_failed type='unique_concrete_method' ctxk='java/util/HashMap' x='java/util/HashMap containsKey (Ljava/lang/Object;)Z' witness='org/apache/commons/beanutils/WeakFastHashMap' stamp='11.547'/>
<dependency_failed type='unique_concrete_method' ctxk='java/util/HashMap' x='java/util/HashMap containsKey (Ljava/lang/Object;)Z' witness='org/apache/commons/beanutils/WeakFastHashMap' stamp='11.547'/>
<dependency_failed type='unique_concrete_method' ctxk='java/util/HashMap' x='java/util/HashMap clone ()Ljava/lang/Object;' witness='org/apache/commons/beanutils/WeakFastHashMap' stamp='11.547'/>
<dependency_failed type='unique_concrete_method' ctxk='java/util/HashMap' x='java/util/HashMap containsKey (Ljava/lang/Object;)Z' witness='org/apache/commons/beanutils/WeakFastHashMap' stamp='11.547'/>
<dependency_failed type='unique_concrete_method' ctxk='java/util/HashMap' x='java/util/HashMap size ()I' witness='org/apache/commons/beanutils/WeakFastHashMap' stamp='11.547'/>
<dependency_failed type='unique_concrete_method' ctxk='java/util/HashMap' x='java/util/HashMap containsKey (Ljava/lang/Object;)Z' witness='org/apache/commons/beanutils/WeakFastHashMap' stamp='11.547'/>
<dependency_failed type='unique_concrete_method' ctxk='java/util/HashMap' x='java/util/HashMap isEmpty ()Z' witness='org/apache/commons/beanutils/WeakFastHashMap' stamp='11.547'/>
<dependency_failed type='leaf_type' ctxk='java/util/concurrent/atomic/AtomicReference' witness='org/eclipse/sisu/inject/RankedSequence' stamp='11.684'/>
<dependency_failed type='leaf_type' ctxk='java/util/concurrent/atomic/AtomicReference' witness='org/eclipse/sisu/inject/RankedSequence' stamp='11.685'/>
<dependency_failed type='leaf_type' ctxk='java/util/concurrent/atomic/AtomicReference' witness='org/eclipse/sisu/inject/RankedSequence' stamp='11.685'/>
<dependency_failed type='leaf_type' ctxk='java/util/concurrent/atomic/AtomicReference' witness='org/eclipse/sisu/inject/RankedSequence' stamp='11.685'/>
<dependency_failed type='leaf_type' ctxk='java/util/concurrent/atomic/AtomicReference' witness='org/eclipse/sisu/inject/RankedSequence' stamp='11.685'/>
<writer thread='140153616549632'/>
<dependency_failed type='unique_concrete_method' ctxk='java/util/HashMap' x='java/util/HashMap isEmpty ()Z' witness='org/apache/commons/beanutils/WeakFastHashMap' stamp='11.692'/>
<dependency_failed type='unique_concrete_method' ctxk='java/util/HashMap' x='java/util/HashMap size ()I' witness='org/apache/commons/beanutils/WeakFastHashMap' stamp='11.692'/>
<dependency_failed type='unique_concrete_method' ctxk='java/util/HashMap' x='java/util/HashMap containsKey (Ljava/lang/Object;)Z' witness='org/apache/commons/beanutils/WeakFastHashMap' stamp='11.692'/>
<writer thread='140152678602496'/>
<dependency_failed type='unique_concrete_method' ctxk='com/google/inject/Binding' x='com/google/inject/internal/BindingImpl getKey ()Lcom/google/inject/Key;' witness='com/google/inject/Binding' stamp='14.185'/>
<dependency_failed type='unique_concrete_method' ctxk='com/google/inject/Binding' x='com/google/inject/internal/BindingImpl getKey ()Lcom/google/inject/Key;' witness='com/google/inject/Binding' stamp='14.185'/>
<dependency_failed type='unique_concrete_method' ctxk='com/google/inject/Binding' x='com/google/inject/internal/BindingImpl getKey ()Lcom/google/inject/Key;' witness='com/google/inject/Binding' stamp='14.185'/>
<dependency_failed type='unique_concrete_method' ctxk='com/google/inject/Binding' x='com/google/inject/internal/BindingImpl getKey ()Lcom/google/inject/Key;' witness='com/google/inject/Binding' stamp='14.185'/>
<dependency_failed type='leaf_type' ctxk='java/util/Collections$UnmodifiableMap' witness='java/util/Collections$UnmodifiableSortedMap' stamp='14.890'/>
<dependency_failed type='leaf_type' ctxk='com/google/common/cache/LocalCache$StrongEntry' witness='com/google/common/cache/LocalCache$StrongAccessEntry' stamp='15.000'/>
<dependency_failed type='unique_concrete_method' ctxk='java/lang/reflect/AccessibleObject' x='java/lang/reflect/AccessibleObject setAccessible (Z)V' witness='com/google/common/reflect/Element' stamp='15.043'/>
<dependency_failed type='unique_concrete_method' ctxk='org/eclipse/sisu/Priority' x='org/eclipse/sisu/inject/PrioritySource value ()I' witness='org/eclipse/sisu/Priority' stamp='15.586'/>
<writer thread='140153605674752'/>
<dependency_failed type='leaf_type' ctxk='org/xml/sax/helpers/AttributesImpl' witness='com/sun/org/apache/xml/internal/serializer/AttributesImplSerializer' stamp='30.178'/>
<dependency_failed type='leaf_type' ctxk='org/xml/sax/helpers/AttributesImpl' witness='com/sun/org/apache/xml/internal/serializer/AttributesImplSerializer' stamp='30.178'/>
<dependency_failed type='abstract_with_unique_concrete_subtype' ctxk='java/nio/charset/spi/CharsetProvider' x='sun/nio/cs/FastCharsetProvider' witness='sun/nio/cs/AbstractCharsetProvider' stamp='30.196'/>
<dependency_failed type='abstract_with_unique_concrete_subtype' ctxk='java/nio/charset/spi/CharsetProvider' x='sun/nio/cs/FastCharsetProvider' witness='sun/nio/cs/AbstractCharsetProvider' stamp='30.196'/>
<dependency_failed type='abstract_with_unique_concrete_subtype' ctxk='java/nio/charset/spi/CharsetProvider' x='sun/nio/cs/FastCharsetProvider' witness='sun/nio/cs/AbstractCharsetProvider' stamp='30.196'/>
<writer thread='140153595467520'/>
<dependency_failed type='leaf_type' ctxk='com/google/common/collect/AbstractMapBasedMultimap$WrappedCollection$WrappedIterator' witness='com/google/common/collect/AbstractMapBasedMultimap$WrappedList$WrappedListIterator' stamp='34.934'/>
<dependency_failed type='leaf_type' ctxk='com/google/common/collect/AbstractMapBasedMultimap$WrappedCollection$WrappedIterator' witness='com/google/common/collect/AbstractMapBasedMultimap$WrappedList$WrappedListIterator' stamp='34.934'/>
<writer thread='140153616549632'/>
<dependency_failed type='leaf_type' ctxk='java/lang/ClassCastException' witness='org/codehaus/groovy/runtime/typehandling/GroovyCastException' stamp='36.305'/>
<writer thread='140153595467520'/>
<dependency_failed type='abstract_with_unique_concrete_subtype' ctxk='java/util/TimeZone' x='sun/util/calendar/ZoneInfo' witness='java/util/SimpleTimeZone' stamp='40.126'/>
<dependency_failed type='abstract_with_unique_concrete_subtype' ctxk='java/util/TimeZone' x='sun/util/calendar/ZoneInfo' witness='java/util/SimpleTimeZone' stamp='40.126'/>
<dependency_failed type='abstract_with_unique_concrete_subtype' ctxk='java/util/TimeZone' x='sun/util/calendar/ZoneInfo' witness='java/util/SimpleTimeZone' stamp='40.126'/>
<dependency_failed type='abstract_with_unique_concrete_subtype' ctxk='java/util/TimeZone' x='sun/util/calendar/ZoneInfo' witness='java/util/SimpleTimeZone' stamp='40.126'/>
<dependency_failed type='abstract_with_unique_concrete_subtype' ctxk='java/util/TimeZone' x='sun/util/calendar/ZoneInfo' witness='java/util/SimpleTimeZone' stamp='40.126'/>
<dependency_failed type='abstract_with_unique_concrete_subtype' ctxk='java/util/TimeZone' x='sun/util/calendar/ZoneInfo' witness='java/util/SimpleTimeZone' stamp='40.126'/>
<dependency_failed type='abstract_with_unique_concrete_subtype' ctxk='java/util/TimeZone' x='sun/util/calendar/ZoneInfo' witness='java/util/SimpleTimeZone' stamp='40.126'/>
<dependency_failed type='unique_concrete_method' ctxk='java/util/function/BooleanSupplier' x='java/util/stream/StreamSpliterators$WrappingSpliterator$$Lambda$384 getAsBoolean ()Z' witness='java/util/function/BooleanSupplier' stamp='42.687'/>
<dependency_failed type='unique_concrete_method' ctxk='java/util/LinkedHashMap' x='java/util/LinkedHashMap get (Ljava/lang/Object;)Ljava/lang/Object;' witness='jdk/nashorn/internal/runtime/Context$ClassCache' stamp='45.795'/>
<dependency_failed type='unique_concrete_method' ctxk='java/util/LinkedHashMap' x='java/util/LinkedHashMap get (Ljava/lang/Object;)Ljava/lang/Object;' witness='jdk/nashorn/internal/runtime/Context$ClassCache' stamp='45.795'/>
<dependency_failed type='unique_concrete_method' ctxk='java/util/LinkedHashMap' x='java/util/LinkedHashMap get (Ljava/lang/Object;)Ljava/lang/Object;' witness='jdk/nashorn/internal/runtime/Context$ClassCache' stamp='45.795'/>
<dependency_failed type='leaf_type' ctxk='java/util/concurrent/LinkedBlockingQueue' witness='com/orientechnologies/orient/core/Orient$2' stamp='46.155'/>
<dependency_failed type='leaf_type' ctxk='java/util/concurrent/LinkedBlockingQueue' witness='com/orientechnologies/orient/core/Orient$2' stamp='46.155'/>
<dependency_failed type='unique_concrete_method' ctxk='java/lang/ThreadLocal' x='java/lang/ThreadLocal get ()Ljava/lang/Object;' witness='com/orientechnologies/orient/core/db/ODatabaseRecordThreadLocal' stamp='46.184'/>
<dependency_failed type='unique_concrete_method' ctxk='java/lang/ThreadLocal' x='java/lang/ThreadLocal get ()Ljava/lang/Object;' witness='com/orientechnologies/orient/core/db/ODatabaseRecordThreadLocal' stamp='46.184'/>
<dependency_failed type='unique_concrete_method' ctxk='java/lang/ThreadLocal' x='java/lang/ThreadLocal get ()Ljava/lang/Object;' witness='com/orientechnologies/orient/core/db/ODatabaseRecordThreadLocal' stamp='46.184'/>
<dependency_failed type='unique_concrete_method' ctxk='java/lang/ThreadLocal' x='java/lang/ThreadLocal get ()Ljava/lang/Object;' witness='com/orientechnologies/orient/core/db/ODatabaseRecordThreadLocal' stamp='46.184'/>
<dependency_failed type='unique_concrete_method' ctxk='java/lang/ThreadLocal' x='java/lang/ThreadLocal get ()Ljava/lang/Object;' witness='com/orientechnologies/orient/core/db/ODatabaseRecordThreadLocal' stamp='46.184'/>
<dependency_failed type='unique_concrete_method' ctxk='java/lang/ThreadLocal' x='java/lang/ThreadLocal get ()Ljava/lang/Object;' witness='com/orientechnologies/orient/core/db/ODatabaseRecordThreadLocal' stamp='46.184'/>
<dependency_failed type='unique_concrete_method' ctxk='java/lang/ThreadLocal' x='java/lang/ThreadLocal get ()Ljava/lang/Object;' witness='com/orientechnologies/orient/core/db/ODatabaseRecordThreadLocal' stamp='46.184'/>
<dependency_failed type='unique_concrete_method' ctxk='java/lang/ThreadLocal' x='java/lang/ThreadLocal get ()Ljava/lang/Object;' witness='com/orientechnologies/orient/core/db/ODatabaseRecordThreadLocal' stamp='46.184'/>
<dependency_failed type='unique_concrete_method' ctxk='java/lang/ThreadLocal' x='java/lang/ThreadLocal get ()Ljava/lang/Object;' witness='com/orientechnologies/orient/core/db/ODatabaseRecordThreadLocal' stamp='46.184'/>
<dependency_failed type='unique_concrete_method' ctxk='java/lang/ThreadLocal' x='java/lang/ThreadLocal get ()Ljava/lang/Object;' witness='com/orientechnologies/orient/core/db/ODatabaseRecordThreadLocal' stamp='46.184'/>
<dependency_failed type='unique_concrete_method' ctxk='java/lang/ThreadLocal' x='java/lang/ThreadLocal get ()Ljava/lang/Object;' witness='com/orientechnologies/orient/core/db/ODatabaseRecordThreadLocal' stamp='46.184'/>
<dependency_failed type='unique_concrete_method' ctxk='java/lang/ThreadLocal' x='java/lang/ThreadLocal get ()Ljava/lang/Object;' witness='com/orientechnologies/orient/core/db/ODatabaseRecordThreadLocal' stamp='46.184'/>
<dependency_failed type='unique_concrete_method' ctxk='java/lang/ThreadLocal' x='java/lang/ThreadLocal get ()Ljava/lang/Object;' witness='com/orientechnologies/orient/core/db/ODatabaseRecordThreadLocal' stamp='46.184'/>
<dependency_failed type='unique_concrete_method' ctxk='java/lang/ThreadLocal' x='java/lang/ThreadLocal get ()Ljava/lang/Object;' witness='com/orientechnologies/orient/core/db/ODatabaseRecordThreadLocal' stamp='46.184'/>
<dependency_failed type='unique_concrete_method' ctxk='java/lang/ThreadLocal' x='java/lang/ThreadLocal get ()Ljava/lang/Object;' witness='com/orientechnologies/orient/core/db/ODatabaseRecordThreadLocal' stamp='46.184'/>
<dependency_failed type='unique_concrete_method' ctxk='java/lang/ThreadLocal' x='java/lang/ThreadLocal get ()Ljava/lang/Object;' witness='com/orientechnologies/orient/core/db/ODatabaseRecordThreadLocal' stamp='46.184'/>
<dependency_failed type='unique_concrete_method' ctxk='java/lang/ThreadLocal' x='java/lang/ThreadLocal get ()Ljava/lang/Object;' witness='com/orientechnologies/orient/core/db/ODatabaseRecordThreadLocal' stamp='46.184'/>
<dependency_failed type='unique_concrete_method' ctxk='java/lang/ThreadLocal' x='java/lang/ThreadLocal get ()Ljava/lang/Object;' witness='com/orientechnologies/orient/core/db/ODatabaseRecordThreadLocal' stamp='46.184'/>
<dependency_failed type='unique_concrete_method' ctxk='java/lang/ThreadLocal' x='java/lang/ThreadLocal get ()Ljava/lang/Object;' witness='com/orientechnologies/orient/core/db/ODatabaseRecordThreadLocal' stamp='46.184'/>
<dependency_failed type='unique_concrete_method' ctxk='java/lang/ThreadLocal' x='java/lang/ThreadLocal get ()Ljava/lang/Object;' witness='com/orientechnologies/orient/core/db/ODatabaseRecordThreadLocal' stamp='46.184'/>
<dependency_failed type='unique_concrete_method' ctxk='java/lang/ThreadLocal' x='java/lang/ThreadLocal get ()Ljava/lang/Object;' witness='com/orientechnologies/orient/core/db/ODatabaseRecordThreadLocal' stamp='46.184'/>
<dependency_failed type='unique_concrete_method' ctxk='java/lang/ThreadLocal' x='java/lang/ThreadLocal get ()Ljava/lang/Object;' witness='com/orientechnologies/orient/core/db/ODatabaseRecordThreadLocal' stamp='46.184'/>
<dependency_failed type='unique_concrete_method' ctxk='java/lang/ThreadLocal' x='java/lang/ThreadLocal get ()Ljava/lang/Object;' witness='com/orientechnologies/orient/core/db/ODatabaseRecordThreadLocal' stamp='46.184'/>
<dependency_failed type='unique_concrete_method' ctxk='java/lang/ThreadLocal' x='java/lang/ThreadLocal get ()Ljava/lang/Object;' witness='com/orientechnologies/orient/core/db/ODatabaseRecordThreadLocal' stamp='46.184'/>
<writer thread='140153616549632'/>
<dependency_failed type='unique_concrete_method' ctxk='java/lang/ThreadLocal' x='java/lang/ThreadLocal get ()Ljava/lang/Object;' witness='com/orientechnologies/orient/core/db/ODatabaseRecordThreadLocal' stamp='46.474'/>
<writer thread='140153595467520'/>
<dependency_failed type='unique_concrete_method' ctxk='java/util/ArrayList' x='java/util/ArrayList remove (I)Ljava/lang/Object;' witness='com/orientechnologies/orient/core/db/record/OTrackedList' stamp='46.488'/>
<dependency_failed type='unique_concrete_method' ctxk='java/util/ArrayList' x='java/util/ArrayList isEmpty ()Z' witness='com/orientechnologies/orient/core/db/record/ORecordLazyList' stamp='46.489'/>
<dependency_failed type='unique_concrete_method' ctxk='java/util/ArrayList' x='java/util/ArrayList isEmpty ()Z' witness='com/orientechnologies/orient/core/db/record/ORecordLazyList' stamp='46.489'/>
<dependency_failed type='unique_concrete_method' ctxk='java/util/ArrayList' x='java/util/ArrayList indexOf (Ljava/lang/Object;)I' witness='com/orientechnologies/orient/core/db/record/ORecordLazyList' stamp='46.489'/>
<dependency_failed type='unique_concrete_method' ctxk='java/util/ArrayList' x='java/util/ArrayList size ()I' witness='com/orientechnologies/orient/core/db/record/ORecordLazyList' stamp='46.489'/>
<dependency_failed type='unique_concrete_method' ctxk='java/util/ArrayList' x='java/util/ArrayList indexOf (Ljava/lang/Object;)I' witness='com/orientechnologies/orient/core/db/record/ORecordLazyList' stamp='46.489'/>
<dependency_failed type='unique_concrete_method' ctxk='java/util/ArrayList' x='java/util/ArrayList size ()I' witness='com/orientechnologies/orient/core/db/record/ORecordLazyList' stamp='46.489'/>
<dependency_failed type='unique_concrete_method' ctxk='java/util/ArrayList' x='java/util/ArrayList get (I)Ljava/lang/Object;' witness='com/orientechnologies/orient/core/db/record/ORecordLazyList' stamp='46.489'/>
<dependency_failed type='unique_concrete_method' ctxk='java/util/ArrayList' x='java/util/ArrayList indexOf (Ljava/lang/Object;)I' witness='com/orientechnologies/orient/core/db/record/ORecordLazyList' stamp='46.489'/>
<dependency_failed type='unique_concrete_method' ctxk='java/util/ArrayList' x='java/util/ArrayList iterator ()Ljava/util/Iterator;' witness='com/orientechnologies/orient/core/db/record/ORecordLazyList' stamp='46.489'/>
<dependency_failed type='unique_concrete_method' ctxk='java/util/ArrayList' x='java/util/ArrayList iterator ()Ljava/util/Iterator;' witness='com/orientechnologies/orient/core/db/record/ORecordLazyList' stamp='46.489'/>
<dependency_failed type='unique_concrete_method' ctxk='java/util/ArrayList' x='java/util/ArrayList size ()I' witness='com/orientechnologies/orient/core/db/record/ORecordLazyList' stamp='46.489'/>
<dependency_failed type='unique_concrete_method' ctxk='java/util/ArrayList' x='java/util/ArrayList contains (Ljava/lang/Object;)Z' witness='com/orientechnologies/orient/core/db/record/ORecordLazyList' stamp='46.489'/>
<dependency_failed type='unique_concrete_method' ctxk='java/util/ArrayList' x='java/util/ArrayList isEmpty ()Z' witness='com/orientechnologies/orient/core/db/record/ORecordLazyList' stamp='46.489'/>
<dependency_failed type='unique_concrete_method' ctxk='java/util/ArrayList' x='java/util/ArrayList iterator ()Ljava/util/Iterator;' witness='com/orientechnologies/orient/core/db/record/ORecordLazyList' stamp='46.489'/>
<dependency_failed type='unique_concrete_method' ctxk='java/util/ArrayList' x='java/util/ArrayList isEmpty ()Z' witness='com/orientechnologies/orient/core/db/record/ORecordLazyList' stamp='46.489'/>
<dependency_failed type='unique_concrete_method' ctxk='java/util/ArrayList' x='java/util/ArrayList indexOf (Ljava/lang/Object;)I' witness='com/orientechnologies/orient/core/db/record/ORecordLazyList' stamp='46.489'/>
<dependency_failed type='unique_concrete_method' ctxk='java/util/ArrayList' x='java/util/ArrayList indexOf (Ljava/lang/Object;)I' witness='com/orientechnologies/orient/core/db/record/ORecordLazyList' stamp='46.489'/>
<dependency_failed type='unique_concrete_method' ctxk='java/util/ArrayList' x='java/util/ArrayList toArray ([Ljava/lang/Object;)[Ljava/lang/Object;' witness='com/orientechnologies/orient/core/db/record/ORecordLazyList' stamp='46.489'/>
<dependency_failed type='unique_concrete_method' ctxk='java/util/ArrayList' x='java/util/ArrayList size ()I' witness='com/orientechnologies/orient/core/db/record/ORecordLazyList' stamp='46.490'/>
<dependency_failed type='unique_concrete_method' ctxk='java/util/ArrayList' x='java/util/ArrayList toArray ([Ljava/lang/Object;)[Ljava/lang/Object;' witness='com/orientechnologies/orient/core/db/record/ORecordLazyList' stamp='46.490'/>
<dependency_failed type='unique_concrete_method' ctxk='java/util/ArrayList' x='java/util/ArrayList indexOf (Ljava/lang/Object;)I' witness='com/orientechnologies/orient/core/db/record/ORecordLazyList' stamp='46.490'/>
<dependency_failed type='unique_concrete_method' ctxk='java/util/ArrayList' x='java/util/ArrayList size ()I' witness='com/orientechnologies/orient/core/db/record/ORecordLazyList' stamp='46.490'/>
<dependency_failed type='unique_concrete_method' ctxk='java/util/ArrayList' x='java/util/ArrayList size ()I' witness='com/orientechnologies/orient/core/db/record/ORecordLazyList' stamp='46.490'/>
<dependency_failed type='unique_concrete_method' ctxk='java/util/ArrayList' x='java/util/ArrayList iterator ()Ljava/util/Iterator;' witness='com/orientechnologies/orient/core/db/record/ORecordLazyList' stamp='46.490'/>
<dependency_failed type='unique_concrete_method' ctxk='java/util/ArrayList' x='java/util/ArrayList isEmpty ()Z' witness='com/orientechnologies/orient/core/db/record/ORecordLazyList' stamp='46.490'/>
<dependency_failed type='unique_concrete_method' ctxk='java/util/ArrayList' x='java/util/ArrayList size ()I' witness='com/orientechnologies/orient/core/db/record/ORecordLazyList' stamp='46.490'/>
<dependency_failed type='unique_concrete_method' ctxk='java/util/ArrayList' x='java/util/ArrayList size ()I' witness='com/orientechnologies/orient/core/db/record/ORecordLazyList' stamp='46.490'/>
<dependency_failed type='unique_concrete_method' ctxk='java/util/ArrayList' x='java/util/ArrayList size ()I' witness='com/orientechnologies/orient/core/db/record/ORecordLazyList' stamp='46.490'/>
<dependency_failed type='unique_concrete_method' ctxk='java/util/ArrayList' x='java/util/ArrayList size ()I' witness='com/orientechnologies/orient/core/db/record/ORecordLazyList' stamp='46.490'/>
<dependency_failed type='unique_concrete_method' ctxk='java/util/ArrayList' x='java/util/ArrayList size ()I' witness='com/orientechnologies/orient/core/db/record/ORecordLazyList' stamp='46.490'/>
<dependency_failed type='unique_concrete_method' ctxk='java/util/ArrayList' x='java/util/ArrayList size ()I' witness='com/orientechnologies/orient/core/db/record/ORecordLazyList' stamp='46.490'/>
<dependency_failed type='unique_concrete_method' ctxk='java/util/ArrayList' x='java/util/ArrayList size ()I' witness='com/orientechnologies/orient/core/db/record/ORecordLazyList' stamp='46.490'/>
<dependency_failed type='unique_concrete_method' ctxk='java/util/ArrayList' x='java/util/ArrayList indexOf (Ljava/lang/Object;)I' witness='com/orientechnologies/orient/core/db/record/ORecordLazyList' stamp='46.490'/>
<dependency_failed type='unique_concrete_method' ctxk='java/util/ArrayList' x='java/util/ArrayList indexOf (Ljava/lang/Object;)I' witness='com/orientechnologies/orient/core/db/record/ORecordLazyList' stamp='46.490'/>
<dependency_failed type='unique_concrete_method' ctxk='java/util/ArrayList' x='java/util/ArrayList size ()I' witness='com/orientechnologies/orient/core/db/record/ORecordLazyList' stamp='46.490'/>
<dependency_failed type='unique_concrete_method' ctxk='java/util/ArrayList' x='java/util/ArrayList toArray ([Ljava/lang/Object;)[Ljava/lang/Object;' witness='com/orientechnologies/orient/core/db/record/ORecordLazyList' stamp='46.490'/>
<dependency_failed type='unique_concrete_method' ctxk='java/util/ArrayList' x='java/util/ArrayList toArray ([Ljava/lang/Object;)[Ljava/lang/Object;' witness='com/orientechnologies/orient/core/db/record/ORecordLazyList' stamp='46.490'/>
<dependency_failed type='unique_concrete_method' ctxk='java/util/ArrayList' x='java/util/ArrayList size ()I' witness='com/orientechnologies/orient/core/db/record/ORecordLazyList' stamp='46.490'/>
<dependency_failed type='unique_concrete_method' ctxk='java/util/ArrayList' x='java/util/ArrayList size ()I' witness='com/orientechnologies/orient/core/db/record/ORecordLazyList' stamp='46.490'/>
<dependency_failed type='unique_concrete_method' ctxk='java/util/ArrayList' x='java/util/ArrayList contains (Ljava/lang/Object;)Z' witness='com/orientechnologies/orient/core/db/record/ORecordLazyList' stamp='46.490'/>
<dependency_failed type='unique_concrete_method' ctxk='java/util/ArrayList' x='java/util/ArrayList size ()I' witness='com/orientechnologies/orient/core/db/record/ORecordLazyList' stamp='46.490'/>
<dependency_failed type='unique_concrete_method' ctxk='java/util/ArrayList' x='java/util/ArrayList size ()I' witness='com/orientechnologies/orient/core/db/record/ORecordLazyList' stamp='46.490'/>
<dependency_failed type='unique_concrete_method' ctxk='java/util/ArrayList' x='java/util/ArrayList size ()I' witness='com/orientechnologies/orient/core/db/record/ORecordLazyList' stamp='46.490'/>
<dependency_failed type='unique_concrete_method' ctxk='java/util/ArrayList' x='java/util/ArrayList size ()I' witness='com/orientechnologies/orient/core/db/record/ORecordLazyList' stamp='46.490'/>
<dependency_failed type='unique_concrete_method' ctxk='java/util/ArrayList' x='java/util/ArrayList size ()I' witness='com/orientechnologies/orient/core/db/record/ORecordLazyList' stamp='46.490'/>
<dependency_failed type='unique_concrete_method' ctxk='java/util/ArrayList' x='java/util/ArrayList size ()I' witness='com/orientechnologies/orient/core/db/record/ORecordLazyList' stamp='46.490'/>
<dependency_failed type='no_finalizable_subclasses' ctxk='java/lang/ref/WeakReference' witness='com/sun/jna/CallbackReference' stamp='46.564'/>
<dependency_failed type='no_finalizable_subclasses' ctxk='java/lang/ref/WeakReference' witness='com/sun/jna/CallbackReference' stamp='46.564'/>
<dependency_failed type='no_finalizable_subclasses' ctxk='java/lang/ref/Reference' witness='com/sun/jna/CallbackReference' stamp='46.564'/>
<dependency_failed type='no_finalizable_subclasses' ctxk='java/lang/ref/Reference' witness='com/sun/jna/CallbackReference' stamp='46.564'/>
<dependency_failed type='leaf_type' ctxk='java/io/BufferedOutputStream' witness='java/lang/UNIXProcess$ProcessPipeOutputStream' stamp='46.578'/>
<dependency_failed type='leaf_type' ctxk='java/io/BufferedOutputStream' witness='java/lang/UNIXProcess$ProcessPipeOutputStream' stamp='46.578'/>
<dependency_failed type='leaf_type' ctxk='java/io/BufferedInputStream' witness='java/lang/UNIXProcess$ProcessPipeInputStream' stamp='46.579'/>
<dependency_failed type='leaf_type' ctxk='java/io/BufferedInputStream' witness='java/lang/UNIXProcess$ProcessPipeInputStream' stamp='46.579'/>
<dependency_failed type='leaf_type' ctxk='java/io/BufferedInputStream' witness='java/lang/UNIXProcess$ProcessPipeInputStream' stamp='46.579'/>
<dependency_failed type='unique_concrete_method' ctxk='java/util/LinkedHashMap' x='java/util/LinkedHashMap clear ()V' witness='com/orientechnologies/orient/core/db/record/OTrackedMap' stamp='46.674'/>
<dependency_failed type='unique_concrete_method' ctxk='java/util/LinkedHashMap' x='java/util/HashMap put (Ljava/lang/Object;Ljava/lang/Object;)Ljava/lang/Object;' witness='com/orientechnologies/orient/core/db/record/OTrackedMap' stamp='46.674'/>
<dependency_failed type='unique_concrete_method' ctxk='java/util/LinkedHashMap' x='java/util/HashMap put (Ljava/lang/Object;Ljava/lang/Object;)Ljava/lang/Object;' witness='com/orientechnologies/orient/core/db/record/OTrackedMap' stamp='46.674'/>
<dependency_failed type='unique_concrete_method' ctxk='java/util/LinkedHashMap' x='java/util/HashMap put (Ljava/lang/Object;Ljava/lang/Object;)Ljava/lang/Object;' witness='com/orientechnologies/orient/core/db/record/OTrackedMap' stamp='46.674'/>
<dependency_failed type='unique_concrete_method' ctxk='java/util/LinkedHashMap' x='java/util/HashMap put (Ljava/lang/Object;Ljava/lang/Object;)Ljava/lang/Object;' witness='com/orientechnologies/orient/core/db/record/OTrackedMap' stamp='46.674'/>
<dependency_failed type='unique_concrete_method' ctxk='java/util/LinkedHashMap' x='java/util/HashMap put (Ljava/lang/Object;Ljava/lang/Object;)Ljava/lang/Object;' witness='com/orientechnologies/orient/core/db/record/OTrackedMap' stamp='46.674'/>
<dependency_failed type='unique_concrete_method' ctxk='java/util/LinkedHashMap' x='java/util/HashMap put (Ljava/lang/Object;Ljava/lang/Object;)Ljava/lang/Object;' witness='com/orientechnologies/orient/core/db/record/OTrackedMap' stamp='46.674'/>
<dependency_failed type='leaf_type' ctxk='java/util/concurrent/ConcurrentHashMap' witness='com/fasterxml/jackson/core/util/InternCache' stamp='47.245'/>
<dependency_failed type='leaf_type' ctxk='java/util/concurrent/ConcurrentHashMap' witness='com/fasterxml/jackson/core/util/InternCache' stamp='47.245'/>
<dependency_failed type='leaf_type' ctxk='java/util/concurrent/ConcurrentHashMap' witness='com/fasterxml/jackson/core/util/InternCache' stamp='47.245'/>
<dependency_failed type='leaf_type' ctxk='java/util/concurrent/ConcurrentHashMap' witness='com/fasterxml/jackson/core/util/InternCache' stamp='47.245'/>
<dependency_failed type='leaf_type' ctxk='java/util/concurrent/ConcurrentHashMap' witness='com/fasterxml/jackson/core/util/InternCache' stamp='47.245'/>
<dependency_failed type='leaf_type' ctxk='java/util/concurrent/ConcurrentHashMap' witness='com/fasterxml/jackson/core/util/InternCache' stamp='47.245'/>
<dependency_failed type='leaf_type' ctxk='java/util/concurrent/ConcurrentHashMap' witness='com/fasterxml/jackson/core/util/InternCache' stamp='47.245'/>
<dependency_failed type='leaf_type' ctxk='java/util/concurrent/ConcurrentHashMap' witness='com/fasterxml/jackson/core/util/InternCache' stamp='47.245'/>
<dependency_failed type='leaf_type' ctxk='java/util/concurrent/ConcurrentHashMap' witness='com/fasterxml/jackson/core/util/InternCache' stamp='47.245'/>
<dependency_failed type='leaf_type' ctxk='java/util/concurrent/ConcurrentHashMap' witness='com/fasterxml/jackson/core/util/InternCache' stamp='47.245'/>
<dependency_failed type='leaf_type' ctxk='java/util/concurrent/ConcurrentHashMap' witness='com/fasterxml/jackson/core/util/InternCache' stamp='47.245'/>
<dependency_failed type='leaf_type' ctxk='java/util/concurrent/ConcurrentHashMap' witness='com/fasterxml/jackson/core/util/InternCache' stamp='47.245'/>
<dependency_failed type='leaf_type' ctxk='java/util/concurrent/ConcurrentHashMap' witness='com/fasterxml/jackson/core/util/InternCache' stamp='47.245'/>
<dependency_failed type='leaf_type' ctxk='java/util/concurrent/ConcurrentHashMap' witness='com/fasterxml/jackson/core/util/InternCache' stamp='47.245'/>
<dependency_failed type='leaf_type' ctxk='java/util/concurrent/ConcurrentHashMap' witness='com/fasterxml/jackson/core/util/InternCache' stamp='47.245'/>
<dependency_failed type='leaf_type' ctxk='java/util/concurrent/ConcurrentHashMap' witness='com/fasterxml/jackson/core/util/InternCache' stamp='47.245'/>
<dependency_failed type='leaf_type' ctxk='java/util/concurrent/ConcurrentHashMap' witness='com/fasterxml/jackson/core/util/InternCache' stamp='47.245'/>
<dependency_failed type='leaf_type' ctxk='java/util/concurrent/ConcurrentHashMap' witness='com/fasterxml/jackson/core/util/InternCache' stamp='47.245'/>
<dependency_failed type='leaf_type' ctxk='java/util/concurrent/ConcurrentHashMap' witness='com/fasterxml/jackson/core/util/InternCache' stamp='47.245'/>
<dependency_failed type='leaf_type' ctxk='java/util/concurrent/ConcurrentHashMap' witness='com/fasterxml/jackson/core/util/InternCache' stamp='47.245'/>
<dependency_failed type='leaf_type' ctxk='java/util/concurrent/ConcurrentHashMap' witness='com/fasterxml/jackson/core/util/InternCache' stamp='47.245'/>
<dependency_failed type='leaf_type' ctxk='java/util/concurrent/ConcurrentHashMap' witness='com/fasterxml/jackson/core/util/InternCache' stamp='47.245'/>
<dependency_failed type='leaf_type' ctxk='java/util/concurrent/ConcurrentHashMap' witness='com/fasterxml/jackson/core/util/InternCache' stamp='47.245'/>
<dependency_failed type='leaf_type' ctxk='java/util/concurrent/ConcurrentHashMap' witness='com/fasterxml/jackson/core/util/InternCache' stamp='47.245'/>
<dependency_failed type='leaf_type' ctxk='java/util/concurrent/ConcurrentHashMap' witness='com/fasterxml/jackson/core/util/InternCache' stamp='47.245'/>
<dependency_failed type='leaf_type' ctxk='java/util/concurrent/ConcurrentHashMap' witness='com/fasterxml/jackson/core/util/InternCache' stamp='47.245'/>
<dependency_failed type='leaf_type' ctxk='java/util/concurrent/ConcurrentHashMap' witness='com/fasterxml/jackson/core/util/InternCache' stamp='47.245'/>
<dependency_failed type='leaf_type' ctxk='java/util/concurrent/ConcurrentHashMap' witness='com/fasterxml/jackson/core/util/InternCache' stamp='47.245'/>
<dependency_failed type='leaf_type' ctxk='java/util/concurrent/ConcurrentHashMap' witness='com/fasterxml/jackson/core/util/InternCache' stamp='47.245'/>
<writer thread='140152509404928'/>
<dependency_failed type='unique_concrete_method' ctxk='javax/management/Descriptor' x='javax/management/ImmutableDescriptor getFieldNames ()[Ljava/lang/String;' witness='javax/management/Descriptor' stamp='47.393'/>
<dependency_failed type='unique_concrete_method' ctxk='javax/management/Descriptor' x='javax/management/ImmutableDescriptor getFieldNames ()[Ljava/lang/String;' witness='javax/management/Descriptor' stamp='47.393'/>
<writer thread='140153595467520'/>
<dependency_failed type='unique_concrete_method' ctxk='com/google/common/collect/ImmutableMap$Builder' x='com/google/common/collect/ImmutableMap$Builder build ()Lcom/google/common/collect/ImmutableMap;' witness='com/google/common/collect/ImmutableBiMap$Builder' stamp='52.747'/>
<dependency_failed type='leaf_type' ctxk='com/google/common/collect/ImmutableMap$Builder' witness='com/google/common/collect/ImmutableBiMap$Builder' stamp='52.747'/>
<dependency_failed type='leaf_type' ctxk='com/google/common/collect/ImmutableMap$Builder' witness='com/google/common/collect/ImmutableBiMap$Builder' stamp='52.747'/>
<dependency_failed type='leaf_type' ctxk='com/google/common/collect/ImmutableMap$Builder' witness='com/google/common/collect/ImmutableBiMap$Builder' stamp='52.747'/>
<dependency_failed type='leaf_type' ctxk='com/google/common/collect/ImmutableMap$Builder' witness='com/google/common/collect/ImmutableBiMap$Builder' stamp='52.747'/>
<dependency_failed type='leaf_type' ctxk='com/google/common/collect/ImmutableMap$Builder' witness='com/google/common/collect/ImmutableBiMap$Builder' stamp='52.747'/>
<dependency_failed type='unique_concrete_method' ctxk='com/google/common/collect/IndexedImmutableSet' x='com/google/common/collect/IndexedImmutableSet iterator ()Lcom/google/common/collect/UnmodifiableIterator;' witness='com/google/common/collect/ImmutableMapKeySet' stamp='52.751'/>
<dependency_failed type='abstract_with_unique_concrete_subtype' ctxk='com/google/common/collect/IndexedImmutableSet' x='com/google/common/collect/RegularImmutableMap$KeySet' witness='com/google/common/collect/ImmutableMapKeySet' stamp='52.751'/>
<dependency_failed type='leaf_type' ctxk='com/google/common/collect/ImmutableMapEntry$NonTerminalImmutableMapEntry' witness='com/google/common/collect/ImmutableMapEntry$NonTerminalImmutableBiMapEntry' stamp='52.752'/>
<dependency_failed type='leaf_type' ctxk='com/orientechnologies/orient/core/db/document/ODatabaseDocumentTx' witness='com/orientechnologies/orient/core/db/OPartitionedDatabasePool$DatabaseDocumentTxPooled' stamp='53.022'/>
<dependency_failed type='leaf_type' ctxk='com/orientechnologies/orient/core/db/document/ODatabaseDocumentTx' witness='com/orientechnologies/orient/core/db/OPartitionedDatabasePool$DatabaseDocumentTxPooled' stamp='53.022'/>
<dependency_failed type='leaf_type' ctxk='com/orientechnologies/orient/core/db/document/ODatabaseDocumentTx' witness='com/orientechnologies/orient/core/db/OPartitionedDatabasePool$DatabaseDocumentTxPooled' stamp='53.022'/>
<dependency_failed type='leaf_type' ctxk='com/orientechnologies/orient/core/db/document/ODatabaseDocumentTx' witness='com/orientechnologies/orient/core/db/OPartitionedDatabasePool$DatabaseDocumentTxPooled' stamp='53.022'/>
<dependency_failed type='leaf_type' ctxk='com/orientechnologies/orient/core/db/document/ODatabaseDocumentTx' witness='com/orientechnologies/orient/core/db/OPartitionedDatabasePool$DatabaseDocumentTxPooled' stamp='53.022'/>
<dependency_failed type='leaf_type' ctxk='javax/xml/bind/JAXBElement' witness='org/ehcache/xml/model/Heap' stamp='53.891'/>
<dependency_failed type='leaf_type' ctxk='com/sun/org/apache/xerces/internal/impl/xs/identity/IdentityConstraint' witness='com/sun/org/apache/xerces/internal/impl/xs/identity/UniqueOrKey' stamp='54.172'/>
<dependency_failed type='unique_concrete_method' ctxk='com/google/common/collect/ImmutableMap' x='com/google/common/collect/ImmutableMap keySet ()Lcom/google/common/collect/ImmutableSet;' witness='com/google/common/collect/ImmutableSortedMap' stamp='54.574'/>
<dependency_failed type='unique_concrete_method' ctxk='java/io/Reader' x='java/io/Reader read ([C)I' witness='com/fasterxml/jackson/dataformat/yaml/UTF8Reader' stamp='54.615'/>
<dependency_failed type='unique_concrete_method' ctxk='java/io/Reader' x='java/io/Reader read ([C)I' witness='com/fasterxml/jackson/dataformat/yaml/UTF8Reader' stamp='54.615'/>
<dependency_failed type='unique_concrete_method' ctxk='org/elasticsearch/common/inject/AbstractProcessor' x='org/elasticsearch/common/inject/AbstractProcessor visit (Lorg/elasticsearch/common/inject/spi/ProviderLookup;)Ljava/lang/Boolean;' witness='org/elasticsearch/common/inject/LookupProcessor' stamp='55.873'/>
<dependency_failed type='unique_concrete_method' ctxk='org/elasticsearch/common/inject/spi/ElementVisitor' x='org/elasticsearch/common/inject/AbstractProcessor visit (Lorg/elasticsearch/common/inject/spi/ProviderLookup;)Ljava/lang/Object;' witness='org/elasticsearch/common/inject/LookupProcessor' stamp='55.873'/>
<dependency_failed type='unique_concrete_method' ctxk='com/google/common/cache/Weigher' x='com/google/common/cache/CacheBuilder$OneWeigher weigh (Ljava/lang/Object;Ljava/lang/Object;)I' witness='com/google/common/cache/Weigher' stamp='56.247'/>
<dependency_failed type='unique_concrete_method' ctxk='org/elasticsearch/common/bytes/BytesReference' x='org/elasticsearch/common/bytes/BytesArray length ()I' witness='org/elasticsearch/common/bytes/BytesReference' stamp='56.417'/>
<dependency_failed type='unique_concrete_method' ctxk='org/elasticsearch/common/bytes/BytesReference' x='org/elasticsearch/common/bytes/BytesArray hasArray ()Z' witness='org/elasticsearch/common/bytes/BytesReference' stamp='56.417'/>
<writer thread='140152323708672'/>
<dependency_failed type='leaf_type' ctxk='java/io/FileNotFoundException' witness='org/apache/lucene/index/IndexNotFoundException' stamp='56.603'/>
<writer thread='140153595467520'/>
<dependency_failed type='unique_concrete_method' ctxk='com/orientechnologies/orient/core/db/record/OMultiValueChangeListener' x='com/orientechnologies/orient/core/record/impl/OSimpleMultiValueChangeListener onAfterRecordChanged (Lcom/orientechnologies/orient/core/db/record/OMultiValueChangeEvent;)V' witness='com/orientechnologies/orient/core/db/record/OMultiValueChangeListener' stamp='57.225'/>
<dependency_failed type='unique_concrete_method' ctxk='com/orientechnologies/orient/core/db/record/OMultiValueChangeListener' x='com/orientechnologies/orient/core/record/impl/OSimpleMultiValueChangeListener onAfterRecordChanged (Lcom/orientechnologies/orient/core/db/record/OMultiValueChangeEvent;)V' witness='com/orientechnologies/orient/core/db/record/OMultiValueChangeListener' stamp='57.225'/>
<dependency_failed type='leaf_type' ctxk='com/orientechnologies/orient/core/db/record/OMultiValueChangeEvent' witness='com/orientechnologies/orient/core/record/impl/ONestedMultiValueChangeEvent' stamp='57.233'/>
<dependency_failed type='unique_concrete_method' ctxk='org/hibernate/validator/internal/metadata/aggregated/CascadingMetaData' x='org/hibernate/validator/internal/metadata/aggregated/NonContainerCascadingMetaData isMarkedForCascadingOnAnnotatedObjectOrContainerElements ()Z' witness='org/hibernate/validator/internal/metadata/aggregated/CascadingMetaData' stamp='57.546'/>
<dependency_failed type='unique_concrete_method' ctxk='org/hibernate/validator/internal/metadata/aggregated/CascadingMetaData' x='org/hibernate/validator/internal/metadata/aggregated/NonContainerCascadingMetaData isMarkedForCascadingOnAnnotatedObjectOrContainerElements ()Z' witness='org/hibernate/validator/internal/metadata/aggregated/CascadingMetaData' stamp='57.546'/>
<dependency_failed type='unique_concrete_method' ctxk='org/hibernate/validator/internal/metadata/aggregated/CascadingMetaData' x='org/hibernate/validator/internal/metadata/aggregated/NonContainerCascadingMetaData isMarkedForCascadingOnAnnotatedObjectOrContainerElements ()Z' witness='org/hibernate/validator/internal/metadata/aggregated/CascadingMetaData' stamp='57.546'/>
<dependency_failed type='unique_concrete_method' ctxk='java/io/File' x='java/io/File getPath ()Ljava/lang/String;' witness='de/schlichtherle/truezip/file/TFile' stamp='58.734'/>
<dependency_failed type='unique_concrete_method' ctxk='java/io/File' x='java/io/File getName ()Ljava/lang/String;' witness='de/schlichtherle/truezip/file/TFile' stamp='58.734'/>
<dependency_failed type='leaf_type' ctxk='java/io/File' witness='de/schlichtherle/truezip/file/TFile' stamp='58.734'/>
<dependency_failed type='leaf_type' ctxk='java/io/File' witness='de/schlichtherle/truezip/file/TFile' stamp='58.734'/>
<dependency_failed type='leaf_type' ctxk='java/io/File' witness='de/schlichtherle/truezip/file/TFile' stamp='58.734'/>
<dependency_failed type='leaf_type' ctxk='java/io/File' witness='de/schlichtherle/truezip/file/TFile' stamp='58.734'/>
<dependency_failed type='leaf_type' ctxk='java/io/File' witness='de/schlichtherle/truezip/file/TFile' stamp='58.734'/>
<dependency_failed type='unique_concrete_method' ctxk='java/io/File' x='java/io/File getPath ()Ljava/lang/String;' witness='de/schlichtherle/truezip/file/TFile' stamp='58.734'/>
<dependency_failed type='leaf_type' ctxk='java/io/File' witness='de/schlichtherle/truezip/file/TFile' stamp='58.734'/>
<dependency_failed type='leaf_type' ctxk='java/io/File' witness='de/schlichtherle/truezip/file/TFile' stamp='58.734'/>
<dependency_failed type='unique_concrete_method' ctxk='java/io/File' x='java/io/File getName ()Ljava/lang/String;' witness='de/schlichtherle/truezip/file/TFile' stamp='58.734'/>
<dependency_failed type='unique_concrete_method' ctxk='java/io/File' x='java/io/File getName ()Ljava/lang/String;' witness='de/schlichtherle/truezip/file/TFile' stamp='58.734'/>
<dependency_failed type='leaf_type' ctxk='java/io/File' witness='de/schlichtherle/truezip/file/TFile' stamp='58.734'/>
<dependency_failed type='unique_concrete_method' ctxk='java/io/File' x='java/io/File getAbsolutePath ()Ljava/lang/String;' witness='de/schlichtherle/truezip/file/TFile' stamp='58.734'/>
<dependency_failed type='leaf_type' ctxk='java/io/File' witness='de/schlichtherle/truezip/file/TFile' stamp='58.734'/>
<dependency_failed type='unique_concrete_method' ctxk='java/io/File' x='java/io/File getPath ()Ljava/lang/String;' witness='de/schlichtherle/truezip/file/TFile' stamp='58.734'/>
<dependency_failed type='leaf_type' ctxk='java/io/File' witness='de/schlichtherle/truezip/file/TFile' stamp='58.734'/>
<dependency_failed type='leaf_type' ctxk='java/io/File' witness='de/schlichtherle/truezip/file/TFile' stamp='58.734'/>
<dependency_failed type='leaf_type' ctxk='java/io/File' witness='de/schlichtherle/truezip/file/TFile' stamp='58.734'/>
<dependency_failed type='leaf_type' ctxk='java/io/File' witness='de/schlichtherle/truezip/file/TFile' stamp='58.734'/>
<dependency_failed type='leaf_type' ctxk='java/io/File' witness='de/schlichtherle/truezip/file/TFile' stamp='58.734'/>
<dependency_failed type='leaf_type' ctxk='java/io/File' witness='de/schlichtherle/truezip/file/TFile' stamp='58.734'/>
<dependency_failed type='leaf_type' ctxk='java/io/File' witness='de/schlichtherle/truezip/file/TFile' stamp='58.734'/>
<dependency_failed type='leaf_type' ctxk='java/io/File' witness='de/schlichtherle/truezip/file/TFile' stamp='58.734'/>
<dependency_failed type='leaf_type' ctxk='java/io/File' witness='de/schlichtherle/truezip/file/TFile' stamp='